# JRE version: Java(TM) SE Runtime Environment (21.0+35) (build 21+35-LTS-2513)
# Java VM: Java HotSpot(TM) 64-Bit Server VM (21+35-LTS-2513, mixed mode, sharing, tiered, compressed oops, compressed class ptrs, g1 gc, windows-amd64)
GC Precious Log:
 CardTable entry size: 512
 Card Set container configuration: InlinePtr #cards 5 size 8 Array Of Cards #cards 12 size 40 Howl #buckets 4 coarsen threshold 1843 Howl Bitmap #cards 512 size 80 coarsen threshold 460 Card regions per heap region 1 cards per card region 2048
 CPUs: 4 total, 4 available
 Memory: 4007M
 Large Page Support: Disabled
 NUMA Support: Disabled
 Compressed Oops: Enabled (32-bit)
 Heap Region Size: 1M
 Heap Min Capacity: 8M
 Heap Initial Capacity: 64M
 Heap Max Capacity: 1002M
 Pre-touch: Disabled
 Parallel Workers: 4
 Concurrent Workers: 1
 Concurrent Refinement Workers: 4
 Periodic GC: Disabled
Heap:
 garbage-first heap   total 67584K, used 48619K [0x00000000c1600000, 0x0000000100000000)
  region size 1024K, 19 young (19456K), 4 survivors (4096K)
 Metaspace       used 38829K, committed 39424K, reserved 1114112K
  class space    used 5018K, committed 5312K, reserved 1048576K
GC Heap History (20 events):
Event: 8.963 GC heap before
{Heap before GC invocations=2 (full 0):
 garbage-first heap   total 65536K, used 33644K [0x00000000c1600000, 0x0000000100000000)
  region size 1024K, 19 young (19456K), 2 survivors (2048K)
 Metaspace       used 6859K, committed 7040K, reserved 1114112K
  class space    used 732K, committed 832K, reserved 1048576K
}
Event: 8.980 GC heap after
{Heap after GC invocations=3 (full 0):
 garbage-first heap   total 65536K, used 18696K [0x00000000c1600000, 0x0000000100000000)
  region size 1024K, 3 young (3072K), 3 survivors (3072K)
 Metaspace       used 6859K, committed 7040K, reserved 1114112K
  class space    used 732K, committed 832K, reserved 1048576K
}
Event: 14.665 GC heap before
{Heap before GC invocations=3 (full 0):
 garbage-first heap   total 65536K, used 44296K [0x00000000c1600000, 0x0000000100000000)
  region size 1024K, 29 young (29696K), 3 survivors (3072K)
 Metaspace       used 13333K, committed 13632K, reserved 1114112K
  class space    used 1526K, committed 1664K, reserved 1048576K
}
Event: 14.672 GC heap after
{Heap after GC invocations=4 (full 0):
 garbage-first heap   total 65536K, used 18542K [0x00000000c1600000, 0x0000000100000000)
  region size 1024K, 2 young (2048K), 2 survivors (2048K)
 Metaspace       used 13333K, committed 13632K, reserved 1114112K
  class space    used 1526K, committed 1664K, reserved 1048576K
}
Event: 21.447 GC heap before
{Heap before GC invocations=4 (full 0):
 garbage-first heap   total 65536K, used 47214K [0x00000000c1600000, 0x0000000100000000)
  region size 1024K, 31 young (31744K), 2 survivors (2048K)
 Metaspace       used 20583K, committed 20992K, reserved 1114112K
  class space    used 2499K, committed 2688K, reserved 1048576K
}
Event: 21.456 GC heap after
{Heap after GC invocations=5 (full 0):
 garbage-first heap   total 65536K, used 20487K [0x00000000c1600000, 0x0000000100000000)
  region size 1024K, 4 young (4096K), 4 survivors (4096K)
 Metaspace       used 20583K, committed 20992K, reserved 1114112K
  class space    used 2499K, committed 2688K, reserved 1048576K
}
Event: 21.637 GC heap before
{Heap before GC invocations=5 (full 0):
 garbage-first heap   total 65536K, used 22535K [0x00000000c1600000, 0x0000000100000000)
  region size 1024K, 7 young (7168K), 4 survivors (4096K)
 Metaspace       used 21127K, committed 21504K, reserved 1114112K
  class space    used 2578K, committed 2752K, reserved 1048576K
}
Event: 21.645 GC heap after
{Heap after GC invocations=6 (full 0):
 garbage-first heap   total 65536K, used 21207K [0x00000000c1600000, 0x0000000100000000)
  region size 1024K, 1 young (1024K), 1 survivors (1024K)
 Metaspace       used 21127K, committed 21504K, reserved 1114112K
  class space    used 2578K, committed 2752K, reserved 1048576K
}
Event: 25.413 GC heap before
{Heap before GC invocations=7 (full 0):
 garbage-first heap   total 65536K, used 49879K [0x00000000c1600000, 0x0000000100000000)
  region size 1024K, 30 young (30720K), 1 survivors (1024K)
 Metaspace       used 25357K, committed 25792K, reserved 1114112K
  class space    used 3074K, committed 3264K, reserved 1048576K
}
Event: 25.419 GC heap after
{Heap after GC invocations=8 (full 0):
 garbage-first heap   total 65536K, used 22897K [0x00000000c1600000, 0x0000000100000000)
  region size 1024K, 4 young (4096K), 4 survivors (4096K)
 Metaspace       used 25357K, committed 25792K, reserved 1114112K
  class space    used 3074K, committed 3264K, reserved 1048576K
}
Event: 27.819 GC heap before
{Heap before GC invocations=8 (full 0):
 garbage-first heap   total 65536K, used 52593K [0x00000000c1600000, 0x0000000100000000)
  region size 1024K, 33 young (33792K), 4 survivors (4096K)
 Metaspace       used 27063K, committed 27520K, reserved 1114112K
  class space    used 3290K, committed 3520K, reserved 1048576K
}
Event: 27.830 GC heap after
{Heap after GC invocations=9 (full 0):
 garbage-first heap   total 65536K, used 24021K [0x00000000c1600000, 0x0000000100000000)
  region size 1024K, 3 young (3072K), 3 survivors (3072K)
 Metaspace       used 27063K, committed 27520K, reserved 1114112K
  class space    used 3290K, committed 3520K, reserved 1048576K
}
Event: 32.558 GC heap before
{Heap before GC invocations=9 (full 0):
 garbage-first heap   total 65536K, used 53717K [0x00000000c1600000, 0x0000000100000000)
  region size 1024K, 32 young (32768K), 3 survivors (3072K)
 Metaspace       used 31110K, committed 31552K, reserved 1114112K
  class space    used 3953K, committed 4160K, reserved 1048576K
}
Event: 32.565 GC heap after
{Heap after GC invocations=10 (full 0):
 garbage-first heap   total 65536K, used 25737K [0x00000000c1600000, 0x0000000100000000)
  region size 1024K, 2 young (2048K), 2 survivors (2048K)
 Metaspace       used 31110K, committed 31552K, reserved 1114112K
  class space    used 3953K, committed 4160K, reserved 1048576K
}
Event: 38.643 GC heap before
{Heap before GC invocations=10 (full 0):
 garbage-first heap   total 65536K, used 55433K [0x00000000c1600000, 0x0000000100000000)
  region size 1024K, 31 young (31744K), 2 survivors (2048K)
 Metaspace       used 34795K, committed 35328K, reserved 1114112K
  class space    used 4541K, committed 4800K, reserved 1048576K
}
Event: 38.653 GC heap after
{Heap after GC invocations=11 (full 0):
 garbage-first heap   total 65536K, used 28541K [0x00000000c1600000, 0x0000000100000000)
  region size 1024K, 4 young (4096K), 4 survivors (4096K)
 Metaspace       used 34795K, committed 35328K, reserved 1114112K
  class space    used 4541K, committed 4800K, reserved 1048576K
}
Event: 39.938 GC heap before
{Heap before GC invocations=11 (full 0):
 garbage-first heap   total 65536K, used 31613K [0x00000000c1600000, 0x0000000100000000)
  region size 1024K, 8 young (8192K), 4 survivors (4096K)
 Metaspace       used 35531K, committed 35968K, reserved 1114112K
  class space    used 4608K, committed 4800K, reserved 1048576K
}
Event: 39.947 GC heap after
{Heap after GC invocations=12 (full 0):
 garbage-first heap   total 65536K, used 29556K [0x00000000c1600000, 0x0000000100000000)
  region size 1024K, 1 young (1024K), 1 survivors (1024K)
 Metaspace       used 35531K, committed 35968K, reserved 1114112K
  class space    used 4608K, committed 4800K, reserved 1048576K
}
Event: 42.392 GC heap before
{Heap before GC invocations=13 (full 0):
 garbage-first heap   total 65536K, used 62324K [0x00000000c1600000, 0x0000000100000000)
  region size 1024K, 28 young (28672K), 1 survivors (1024K)
 Metaspace       used 36472K, committed 36992K, reserved 1114112K
  class space    used 4711K, committed 4928K, reserved 1048576K
}
Event: 42.400 GC heap after
{Heap after GC invocations=14 (full 0):
 garbage-first heap   total 67584K, used 33259K [0x00000000c1600000, 0x0000000100000000)
  region size 1024K, 4 young (4096K), 4 survivors (4096K)
 Metaspace       used 36472K, committed 36992K, reserved 1114112K
  class space    used 4711K, committed 4928K, reserved 1048576K
}

