# JRE version: Java(TM) SE Runtime Environment (21.0+35) (build 21+35-LTS-2513)
# Java VM: Java HotSpot(TM) 64-Bit Server VM (21+35-LTS-2513, mixed mode, sharing, tiered, compressed oops, compressed class ptrs, g1 gc, windows-amd64)
GC Precious Log:
 CardTable entry size: 512
 Card Set container configuration: InlinePtr #cards 5 size 8 Array Of Cards #cards 12 size 40 Howl #buckets 4 coarsen threshold 1843 Howl Bitmap #cards 512 size 80 coarsen threshold 460 Card regions per heap region 1 cards per card region 2048
 CPUs: 4 total, 4 available
 Memory: 4007M
 Large Page Support: Disabled
 NUMA Support: Disabled
 Compressed Oops: Enabled (32-bit)
 Heap Region Size: 1M
 Heap Min Capacity: 8M
 Heap Initial Capacity: 64M
 Heap Max Capacity: 1002M
 Pre-touch: Disabled
 Parallel Workers: 4
 Concurrent Workers: 1
 Concurrent Refinement Workers: 4
 Periodic GC: Disabled
Heap:
 garbage-first heap   total 83968K, used 47840K [0x00000000c1600000, 0x0000000100000000)
  region size 1024K, 11 young (11264K), 1 survivors (1024K)
 Metaspace       used 67801K, committed 68480K, reserved 1114112K
  class space    used 8517K, committed 8832K, reserved 1048576K
GC Heap History (20 events):
Event: 7828.183 GC heap before
{Heap before GC invocations=37 (full 0):
 garbage-first heap   total 83968K, used 76847K [0x00000000c1600000, 0x0000000100000000)
  region size 1024K, 40 young (40960K), 1 survivors (1024K)
 Metaspace       used 64781K, committed 65728K, reserved 1114112K
  class space    used 8053K, committed 8576K, reserved 1048576K
}
Event: 7828.458 GC heap after
{Heap after GC invocations=38 (full 0):
 garbage-first heap   total 83968K, used 36905K [0x00000000c1600000, 0x0000000100000000)
  region size 1024K, 1 young (1024K), 1 survivors (1024K)
 Metaspace       used 64781K, committed 65728K, reserved 1114112K
  class space    used 8053K, committed 8576K, reserved 1048576K
}
Event: 8542.743 GC heap before
{Heap before GC invocations=39 (full 0):
 garbage-first heap   total 83968K, used 63529K [0x00000000c1600000, 0x0000000100000000)
  region size 1024K, 28 young (28672K), 1 survivors (1024K)
 Metaspace       used 64826K, committed 65728K, reserved 1114112K
  class space    used 8053K, committed 8576K, reserved 1048576K
}
Event: 8542.956 GC heap after
{Heap after GC invocations=40 (full 0):
 garbage-first heap   total 83968K, used 36918K [0x00000000c1600000, 0x0000000100000000)
  region size 1024K, 1 young (1024K), 1 survivors (1024K)
 Metaspace       used 64826K, committed 65728K, reserved 1114112K
  class space    used 8053K, committed 8576K, reserved 1048576K
}
Event: 9346.516 GC heap before
{Heap before GC invocations=40 (full 0):
 garbage-first heap   total 83968K, used 65590K [0x00000000c1600000, 0x0000000100000000)
  region size 1024K, 30 young (30720K), 1 survivors (1024K)
 Metaspace       used 64845K, committed 65728K, reserved 1114112K
  class space    used 8053K, committed 8576K, reserved 1048576K
}
Event: 9346.778 GC heap after
{Heap after GC invocations=41 (full 0):
 garbage-first heap   total 83968K, used 36773K [0x00000000c1600000, 0x0000000100000000)
  region size 1024K, 1 young (1024K), 1 survivors (1024K)
 Metaspace       used 64845K, committed 65728K, reserved 1114112K
  class space    used 8053K, committed 8576K, reserved 1048576K
}
Event: 9353.236 GC heap before
{Heap before GC invocations=41 (full 0):
 garbage-first heap   total 83968K, used 44965K [0x00000000c1600000, 0x0000000100000000)
  region size 1024K, 9 young (9216K), 1 survivors (1024K)
 Metaspace       used 67053K, committed 67648K, reserved 1114112K
  class space    used 8432K, committed 8704K, reserved 1048576K
}
Event: 9353.270 GC heap after
{Heap after GC invocations=42 (full 0):
 garbage-first heap   total 83968K, used 37369K [0x00000000c1600000, 0x0000000100000000)
  region size 1024K, 2 young (2048K), 2 survivors (2048K)
 Metaspace       used 67053K, committed 67648K, reserved 1114112K
  class space    used 8432K, committed 8704K, reserved 1048576K
}
Event: 10092.717 GC heap before
{Heap before GC invocations=42 (full 0):
 garbage-first heap   total 83968K, used 74233K [0x00000000c1600000, 0x0000000100000000)
  region size 1024K, 39 young (39936K), 2 survivors (2048K)
 Metaspace       used 67805K, committed 68416K, reserved 1114112K
  class space    used 8530K, committed 8832K, reserved 1048576K
}
Event: 10093.182 GC heap after
{Heap after GC invocations=43 (full 0):
 garbage-first heap   total 83968K, used 38298K [0x00000000c1600000, 0x0000000100000000)
  region size 1024K, 2 young (2048K), 2 survivors (2048K)
 Metaspace       used 67805K, committed 68416K, reserved 1114112K
  class space    used 8530K, committed 8832K, reserved 1048576K
}
Event: 10120.578 GC heap before
{Heap before GC invocations=44 (full 0):
 garbage-first heap   total 83968K, used 40346K [0x00000000c1600000, 0x0000000100000000)
  region size 1024K, 4 young (4096K), 2 survivors (2048K)
 Metaspace       used 67805K, committed 68416K, reserved 1114112K
  class space    used 8530K, committed 8832K, reserved 1048576K
}
Event: 10120.605 GC heap after
{Heap after GC invocations=45 (full 0):
 garbage-first heap   total 83968K, used 38368K [0x00000000c1600000, 0x0000000100000000)
  region size 1024K, 1 young (1024K), 1 survivors (1024K)
 Metaspace       used 67805K, committed 68416K, reserved 1114112K
  class space    used 8530K, committed 8832K, reserved 1048576K
}
Event: 10783.169 GC heap before
{Heap before GC invocations=45 (full 0):
 garbage-first heap   total 83968K, used 74208K [0x00000000c1600000, 0x0000000100000000)
  region size 1024K, 37 young (37888K), 1 survivors (1024K)
 Metaspace       used 67805K, committed 68416K, reserved 1114112K
  class space    used 8530K, committed 8832K, reserved 1048576K
}
Event: 10783.445 GC heap after
{Heap after GC invocations=46 (full 0):
 garbage-first heap   total 83968K, used 38432K [0x00000000c1600000, 0x0000000100000000)
  region size 1024K, 1 young (1024K), 1 survivors (1024K)
 Metaspace       used 67805K, committed 68416K, reserved 1114112K
  class space    used 8530K, committed 8832K, reserved 1048576K
}
Event: 10844.044 GC heap before
{Heap before GC invocations=46 (full 0):
 garbage-first heap   total 83968K, used 41504K [0x00000000c1600000, 0x0000000100000000)
  region size 1024K, 4 young (4096K), 1 survivors (1024K)
 Metaspace       used 67806K, committed 68416K, reserved 1114112K
  class space    used 8530K, committed 8832K, reserved 1048576K
}
Event: 10844.177 GC heap after
{Heap after GC invocations=47 (full 0):
 garbage-first heap   total 83968K, used 38319K [0x00000000c1600000, 0x0000000100000000)
  region size 1024K, 1 young (1024K), 1 survivors (1024K)
 Metaspace       used 67806K, committed 68416K, reserved 1114112K
  class space    used 8530K, committed 8832K, reserved 1048576K
}
Event: 11801.937 GC heap before
{Heap before GC invocations=47 (full 0):
 garbage-first heap   total 83968K, used 75183K [0x00000000c1600000, 0x0000000100000000)
  region size 1024K, 38 young (38912K), 1 survivors (1024K)
 Metaspace       used 67826K, committed 68480K, reserved 1114112K
  class space    used 8530K, committed 8832K, reserved 1048576K
}
Event: 11802.099 GC heap after
{Heap after GC invocations=48 (full 0):
 garbage-first heap   total 83968K, used 38580K [0x00000000c1600000, 0x0000000100000000)
  region size 1024K, 1 young (1024K), 1 survivors (1024K)
 Metaspace       used 67826K, committed 68480K, reserved 1114112K
  class space    used 8530K, committed 8832K, reserved 1048576K
}
Event: 13014.411 GC heap before
{Heap before GC invocations=49 (full 0):
 garbage-first heap   total 83968K, used 74420K [0x00000000c1600000, 0x0000000100000000)
  region size 1024K, 37 young (37888K), 1 survivors (1024K)
 Metaspace       used 67796K, committed 68480K, reserved 1114112K
  class space    used 8517K, committed 8832K, reserved 1048576K
}
Event: 13014.526 GC heap after
{Heap after GC invocations=50 (full 0):
 garbage-first heap   total 83968K, used 38624K [0x00000000c1600000, 0x0000000100000000)
  region size 1024K, 1 young (1024K), 1 survivors (1024K)
 Metaspace       used 67796K, committed 68480K, reserved 1114112K
  class space    used 8517K, committed 8832K, reserved 1048576K
}

