# JRE version: Java(TM) SE Runtime Environment (21.0+35) (build 21+35-LTS-2513)
# Java VM: Java HotSpot(TM) 64-Bit Server VM (21+35-LTS-2513, mixed mode, sharing, tiered, compressed oops, compressed class ptrs, g1 gc, windows-amd64)
GC Precious Log:
 CardTable entry size: 512
 Card Set container configuration: InlinePtr #cards 5 size 8 Array Of Cards #cards 12 size 40 Howl #buckets 4 coarsen threshold 1843 Howl Bitmap #cards 512 size 80 coarsen threshold 460 Card regions per heap region 1 cards per card region 2048
 CPUs: 4 total, 4 available
 Memory: 4007M
 Large Page Support: Disabled
 NUMA Support: Disabled
 Compressed Oops: Enabled (32-bit)
 Heap Region Size: 1M
 Heap Min Capacity: 8M
 Heap Initial Capacity: 64M
 Heap Max Capacity: 1002M
 Pre-touch: Disabled
 Parallel Workers: 4
 Concurrent Workers: 1
 Concurrent Refinement Workers: 4
 Periodic GC: Disabled
Heap:
 garbage-first heap   total 65536K, used 27721K [0x00000000c1600000, 0x0000000100000000)
  region size 1024K, 2 young (2048K), 1 survivors (1024K)
 Metaspace       used 55262K, committed 56000K, reserved 1114112K
  class space    used 6993K, committed 7424K, reserved 1048576K
GC Heap History (20 events):
Event: 8722.974 GC heap before
{Heap before GC invocations=56 (full 0):
 garbage-first heap   total 65536K, used 31852K [0x00000000c1600000, 0x0000000100000000)
  region size 1024K, 5 young (5120K), 1 survivors (1024K)
 Metaspace       used 55070K, committed 55872K, reserved 1114112K
  class space    used 6986K, committed 7424K, reserved 1048576K
}
Event: 8723.051 GC heap after
{Heap after GC invocations=57 (full 0):
 garbage-first heap   total 65536K, used 27648K [0x00000000c1600000, 0x0000000100000000)
  region size 1024K, 1 young (1024K), 1 survivors (1024K)
 Metaspace       used 55070K, committed 55872K, reserved 1114112K
  class space    used 6986K, committed 7424K, reserved 1048576K
}
Event: 9214.995 GC heap before
{Heap before GC invocations=57 (full 0):
 garbage-first heap   total 65536K, used 59392K [0x00000000c1600000, 0x0000000100000000)
  region size 1024K, 32 young (32768K), 1 survivors (1024K)
 Metaspace       used 55077K, committed 55872K, reserved 1114112K
  class space    used 6986K, committed 7424K, reserved 1048576K
}
Event: 9215.272 GC heap after
{Heap after GC invocations=58 (full 0):
 garbage-first heap   total 65536K, used 27897K [0x00000000c1600000, 0x0000000100000000)
  region size 1024K, 1 young (1024K), 1 survivors (1024K)
 Metaspace       used 55077K, committed 55872K, reserved 1114112K
  class space    used 6986K, committed 7424K, reserved 1048576K
}
Event: 9249.273 GC heap before
{Heap before GC invocations=59 (full 0):
 garbage-first heap   total 65536K, used 30969K [0x00000000c1600000, 0x0000000100000000)
  region size 1024K, 4 young (4096K), 1 survivors (1024K)
 Metaspace       used 55077K, committed 55872K, reserved 1114112K
  class space    used 6986K, committed 7424K, reserved 1048576K
}
Event: 9249.335 GC heap after
{Heap after GC invocations=60 (full 0):
 garbage-first heap   total 65536K, used 27890K [0x00000000c1600000, 0x0000000100000000)
  region size 1024K, 1 young (1024K), 1 survivors (1024K)
 Metaspace       used 55077K, committed 55872K, reserved 1114112K
  class space    used 6986K, committed 7424K, reserved 1048576K
}
Event: 9657.497 GC heap before
{Heap before GC invocations=60 (full 0):
 garbage-first heap   total 65536K, used 55538K [0x00000000c1600000, 0x0000000100000000)
  region size 1024K, 28 young (28672K), 1 survivors (1024K)
 Metaspace       used 55098K, committed 55872K, reserved 1114112K
  class space    used 6986K, committed 7424K, reserved 1048576K
}
Event: 9657.858 GC heap after
{Heap after GC invocations=61 (full 0):
 garbage-first heap   total 65536K, used 27516K [0x00000000c1600000, 0x0000000100000000)
  region size 1024K, 1 young (1024K), 1 survivors (1024K)
 Metaspace       used 55098K, committed 55872K, reserved 1114112K
  class space    used 6986K, committed 7424K, reserved 1048576K
}
Event: 10096.063 GC heap before
{Heap before GC invocations=61 (full 0):
 garbage-first heap   total 65536K, used 59260K [0x00000000c1600000, 0x0000000100000000)
  region size 1024K, 32 young (32768K), 1 survivors (1024K)
 Metaspace       used 55169K, committed 55936K, reserved 1114112K
  class space    used 6992K, committed 7424K, reserved 1048576K
}
Event: 10096.236 GC heap after
{Heap after GC invocations=62 (full 0):
 garbage-first heap   total 65536K, used 27837K [0x00000000c1600000, 0x0000000100000000)
  region size 1024K, 1 young (1024K), 1 survivors (1024K)
 Metaspace       used 55169K, committed 55936K, reserved 1114112K
  class space    used 6992K, committed 7424K, reserved 1048576K
}
Event: 10126.419 GC heap before
{Heap before GC invocations=63 (full 0):
 garbage-first heap   total 65536K, used 29885K [0x00000000c1600000, 0x0000000100000000)
  region size 1024K, 3 young (3072K), 1 survivors (1024K)
 Metaspace       used 55166K, committed 55936K, reserved 1114112K
  class space    used 6991K, committed 7424K, reserved 1048576K
}
Event: 10126.427 GC heap after
{Heap after GC invocations=64 (full 0):
 garbage-first heap   total 65536K, used 27890K [0x00000000c1600000, 0x0000000100000000)
  region size 1024K, 1 young (1024K), 1 survivors (1024K)
 Metaspace       used 55166K, committed 55936K, reserved 1114112K
  class space    used 6991K, committed 7424K, reserved 1048576K
}
Event: 10428.916 GC heap before
{Heap before GC invocations=64 (full 0):
 garbage-first heap   total 65536K, used 50418K [0x00000000c1600000, 0x0000000100000000)
  region size 1024K, 23 young (23552K), 1 survivors (1024K)
 Metaspace       used 55166K, committed 55936K, reserved 1114112K
  class space    used 6991K, committed 7424K, reserved 1048576K
}
Event: 10429.156 GC heap after
{Heap after GC invocations=65 (full 0):
 garbage-first heap   total 65536K, used 27579K [0x00000000c1600000, 0x0000000100000000)
  region size 1024K, 1 young (1024K), 1 survivors (1024K)
 Metaspace       used 55166K, committed 55936K, reserved 1114112K
  class space    used 6991K, committed 7424K, reserved 1048576K
}
Event: 11101.198 GC heap before
{Heap before GC invocations=65 (full 0):
 garbage-first heap   total 65536K, used 59323K [0x00000000c1600000, 0x0000000100000000)
  region size 1024K, 32 young (32768K), 1 survivors (1024K)
 Metaspace       used 55191K, committed 55936K, reserved 1114112K
  class space    used 6991K, committed 7424K, reserved 1048576K
}
Event: 11101.566 GC heap after
{Heap after GC invocations=66 (full 0):
 garbage-first heap   total 65536K, used 27824K [0x00000000c1600000, 0x0000000100000000)
  region size 1024K, 1 young (1024K), 1 survivors (1024K)
 Metaspace       used 55191K, committed 55936K, reserved 1114112K
  class space    used 6991K, committed 7424K, reserved 1048576K
}
Event: 11397.414 GC heap before
{Heap before GC invocations=67 (full 0):
 garbage-first heap   total 65536K, used 50352K [0x00000000c1600000, 0x0000000100000000)
  region size 1024K, 23 young (23552K), 1 survivors (1024K)
 Metaspace       used 55203K, committed 55936K, reserved 1114112K
  class space    used 6992K, committed 7424K, reserved 1048576K
}
Event: 11397.509 GC heap after
{Heap after GC invocations=68 (full 0):
 garbage-first heap   total 65536K, used 28094K [0x00000000c1600000, 0x0000000100000000)
  region size 1024K, 1 young (1024K), 1 survivors (1024K)
 Metaspace       used 55203K, committed 55936K, reserved 1114112K
  class space    used 6992K, committed 7424K, reserved 1048576K
}
Event: 11825.503 GC heap before
{Heap before GC invocations=68 (full 0):
 garbage-first heap   total 65536K, used 59838K [0x00000000c1600000, 0x0000000100000000)
  region size 1024K, 32 young (32768K), 1 survivors (1024K)
 Metaspace       used 55208K, committed 55936K, reserved 1114112K
  class space    used 6992K, committed 7424K, reserved 1048576K
}
Event: 11825.653 GC heap after
{Heap after GC invocations=69 (full 0):
 garbage-first heap   total 65536K, used 27629K [0x00000000c1600000, 0x0000000100000000)
  region size 1024K, 1 young (1024K), 1 survivors (1024K)
 Metaspace       used 55208K, committed 55936K, reserved 1114112K
  class space    used 6992K, committed 7424K, reserved 1048576K
}

